details-v1 -n bookinfo
productpage-v1 -n bookinfo
ratings-v1 -n bookinfo
reviews-v1 -n bookinfo
reviews-v2 -n bookinfo
reviews-v3 -n bookinfo
grafana -n istio-system
istio-egressgateway -n istio-system
istio-ingressgateway -n istio-system
istiod-basic -n istio-system
jaeger -n istio-system
prometheus -n istio-system
openshift-apiserver-operator -n openshift-apiserver-operator
apiserver -n openshift-apiserver
authentication-operator -n openshift-authentication-operator
oauth-openshift -n openshift-authentication
cloud-credential-operator -n openshift-cloud-credential-operator
machine-approver -n openshift-cluster-machine-approver
cluster-node-tuning-operator -n openshift-cluster-node-tuning-operator
cluster-samples-operator -n openshift-cluster-samples-operator
cluster-storage-operator -n openshift-cluster-storage-operator
csi-snapshot-controller -n openshift-cluster-storage-operator
csi-snapshot-controller-operator -n openshift-cluster-storage-operator
csi-snapshot-webhook -n openshift-cluster-storage-operator
vsphere-problem-detector-operator -n openshift-cluster-storage-operator
cluster-version-operator -n openshift-cluster-version
openshift-config-operator -n openshift-config-operator
console-operator -n openshift-console-operator
console -n openshift-console
downloads -n openshift-console
openshift-controller-manager-operator -n openshift-controller-manager-operator
dns-operator -n openshift-dns-operator
etcd-operator -n openshift-etcd-operator
etcd-quorum-guard -n openshift-etcd
cluster-image-registry-operator -n openshift-image-registry
image-registry -n openshift-image-registry
ingress-operator -n openshift-ingress-operator
router-default -n openshift-ingress
insights-operator -n openshift-insights
kube-apiserver-operator -n openshift-kube-apiserver-operator
kube-controller-manager-operator -n openshift-kube-controller-manager-operator
openshift-kube-scheduler-operator -n openshift-kube-scheduler-operator
kube-storage-version-migrator-operator -n openshift-kube-storage-version-migrator-operator
migrator -n openshift-kube-storage-version-migrator
cluster-logging-operator -n openshift-logging
elasticsearch-cdm-sc4cnze2-1 -n openshift-logging
kibana -n openshift-logging
cluster-autoscaler-operator -n openshift-machine-api
cluster-baremetal-operator -n openshift-machine-api
machine-api-controllers -n openshift-machine-api
machine-api-operator -n openshift-machine-api
machine-config-controller -n openshift-machine-config-operator
machine-config-operator -n openshift-machine-config-operator
marketplace-operator -n openshift-marketplace
cluster-monitoring-operator -n openshift-monitoring
grafana -n openshift-monitoring
kube-state-metrics -n openshift-monitoring
openshift-state-metrics -n openshift-monitoring
prometheus-adapter -n openshift-monitoring
prometheus-operator -n openshift-monitoring
telemeter-client -n openshift-monitoring
thanos-querier -n openshift-monitoring
network-check-source -n openshift-network-diagnostics
network-operator -n openshift-network-operator
apiserver -n openshift-oauth-apiserver
catalog-operator -n openshift-operator-lifecycle-manager
olm-operator -n openshift-operator-lifecycle-manager
packageserver -n openshift-operator-lifecycle-manager
elasticsearch-operator -n openshift-operators-redhat
istio-operator -n openshift-operators
jaeger-operator -n openshift-operators
service-ca-operator -n openshift-service-ca-operator
service-ca -n openshift-service-ca
